\BOOKMARK [1][-]{section*.1}{\376\377\000A\000b\000s\000t\000r\000a\000c\000t}{}% 1
\BOOKMARK [1][-]{section.1}{\376\377\0001\000\040\000I\000n\000t\000r\000o\000d\000u\000c\000t\000i\000o\000n}{}% 2
\BOOKMARK [1][-]{section.2}{\376\377\0002\000\040\000B\000a\000c\000k\000g\000r\000o\000u\000n\000d}{}% 3
\BOOKMARK [2][-]{subsection.2.1}{\376\377\0002\000.\0001\000\040\000P\000r\000o\000p\000e\000r\000t\000y\000-\000B\000a\000s\000e\000d\000\040\000T\000e\000s\000t\000i\000n\000g\000\040\000a\000n\000d\000\040\000Q\000u\000i\000c\000k\000C\000h\000e\000c\000k}{section.2}% 4
\BOOKMARK [2][-]{subsection.2.2}{\376\377\0002\000.\0002\000\040\000C\000o\000v\000e\000r\000a\000g\000e\000-\000G\000u\000i\000d\000e\000d\000\040\000P\000r\000o\000p\000e\000r\000t\000y\000-\000B\000a\000s\000e\000d\000\040\000T\000e\000s\000t\000i\000n\000g\000\040\000w\000i\000t\000h\000\040\000F\000u\000z\000z\000C\000h\000i\000c\000k}{section.2}% 5
\BOOKMARK [1][-]{section.3}{\376\377\0003\000\040\000M\000u\000t\000a\000g\000e\000n\000:\000\040\000T\000e\000s\000t\000i\000n\000g\000\040\000M\000u\000t\000a\000n\000t\000s\000\040\000E\000x\000h\000a\000u\000s\000t\000i\000v\000e\000l\000y}{}% 6
\BOOKMARK [2][-]{subsection.3.1}{\376\377\0003\000.\0001\000\040\000E\000x\000h\000a\000u\000s\000t\000i\000v\000e\000\040\000M\000u\000t\000a\000t\000i\000o\000n\000s}{section.3}% 7
\BOOKMARK [2][-]{subsection.3.2}{\376\377\0003\000.\0002\000\040\000T\000e\000s\000t\000i\000n\000g\000\040\000l\000o\000o\000p}{section.3}% 8
\BOOKMARK [1][-]{section.4}{\376\377\0004\000\040\000M\000u\000t\000a\000g\000e\000n\000\040\000H\000e\000u\000r\000i\000s\000t\000i\000c\000s}{}% 9
\BOOKMARK [2][-]{subsection.4.1}{\376\377\0004\000.\0001\000\040\000P\000r\000i\000o\000r\000i\000t\000y\000\040\000F\000I\000F\000O\000\040\000S\000c\000h\000e\000d\000u\000l\000i\000n\000g}{section.4}% 10
\BOOKMARK [2][-]{subsection.4.2}{\376\377\0004\000.\0002\000\040\000D\000e\000t\000e\000c\000t\000i\000n\000g\000\040\000T\000r\000a\000c\000e\000\040\000S\000p\000a\000c\000e\000\040\000S\000a\000t\000u\000r\000a\000t\000i\000o\000n\000\040\000A\000n\000d\000\040\000T\000u\000n\000i\000n\000g\000\040\000R\000a\000n\000d\000o\000m\000\040\000M\000u\000t\000a\000t\000i\000o\000n\000s}{section.4}% 11
\BOOKMARK [2][-]{subsection.4.3}{\376\377\0004\000.\0003\000\040\000M\000u\000t\000a\000t\000i\000o\000n\000\040\000I\000n\000h\000e\000r\000i\000t\000a\000n\000c\000e}{section.4}% 12
\BOOKMARK [1][-]{section.5}{\376\377\0005\000\040\000C\000a\000s\000e\000\040\000s\000t\000u\000d\000i\000e\000s}{}% 13
\BOOKMARK [2][-]{subsection.5.1}{\376\377\0005\000.\0001\000\040\000I\000F\000C\000\040\000S\000t\000a\000c\000k\000\040\000M\000a\000c\000h\000i\000n\000e}{section.5}% 14
\BOOKMARK [2][-]{subsection.5.2}{\376\377\0005\000.\0002\000\040\000W\000e\000b\000A\000s\000s\000e\000m\000b\000l\000y\000\040\000E\000n\000g\000i\000n\000e}{section.5}% 15
\BOOKMARK [1][-]{section.6}{\376\377\0006\000\040\000E\000v\000a\000l\000u\000a\000t\000i\000o\000n}{}% 16
\BOOKMARK [2][-]{subsection.6.1}{\376\377\0006\000.\0001\000\040\000I\000F\000C\000\040\000S\000t\000a\000c\000k\000\040\000M\000a\000c\000h\000i\000n\000e}{section.6}% 17
\BOOKMARK [2][-]{subsection.6.2}{\376\377\0006\000.\0002\000\040\000W\000e\000b\000a\000s\000s\000e\000m\000b\000l\000y\000\040\000E\000n\000g\000i\000n\000e}{section.6}% 18
\BOOKMARK [1][-]{section.7}{\376\377\0007\000\040\000I\000m\000p\000l\000e\000m\000e\000n\000t\000a\000t\000i\000o\000n}{}% 19
\BOOKMARK [2][-]{subsection.7.1}{\376\377\0007\000.\0001\000\040\000D\000e\000r\000i\000v\000i\000n\000g\000\040\000M\000u\000t\000a\000t\000i\000o\000n\000\040\000M\000a\000c\000h\000i\000n\000e\000r\000y}{section.7}% 20
\BOOKMARK [2][-]{subsection.7.2}{\376\377\0007\000.\0002\000\040\000T\000r\000a\000c\000i\000n\000g\000\040\000H\000a\000s\000k\000e\000l\000l\000\040\000P\000r\000o\000g\000r\000a\000m\000s}{section.7}% 21
\BOOKMARK [1][-]{section.8}{\376\377\0008\000\040\000R\000e\000l\000a\000t\000e\000d\000\040\000w\000o\000r\000k}{}% 22
\BOOKMARK [2][-]{subsection.8.1}{\376\377\0008\000.\0001\000\040\000G\000r\000a\000m\000m\000a\000r\000-\000b\000a\000s\000e\000d\000\040\000F\000u\000z\000z\000i\000n\000g}{section.8}% 23
\BOOKMARK [2][-]{subsection.8.2}{\376\377\0008\000.\0002\000\040\000R\000a\000n\000d\000o\000m\000\040\000D\000a\000t\000a\000\040\000G\000e\000n\000e\000r\000a\000t\000i\000o\000n}{section.8}% 24
\BOOKMARK [2][-]{subsection.8.3}{\376\377\0008\000.\0003\000\040\000E\000x\000h\000a\000u\000s\000t\000i\000v\000e\000\040\000B\000o\000u\000n\000d\000e\000d\000\040\000T\000e\000s\000t\000i\000n\000g}{section.8}% 25
\BOOKMARK [1][-]{section.9}{\376\377\0009\000\040\000C\000o\000n\000c\000l\000u\000s\000i\000o\000n\000s}{}% 26
\BOOKMARK [1][-]{section*.15}{\376\377\000R\000e\000f\000e\000r\000e\000n\000c\000e\000s}{}% 27
\BOOKMARK [1][-]{appendix.A}{\376\377\000A\000\040\000D\000e\000t\000a\000i\000l\000e\000d\000\040\000E\000m\000p\000i\000r\000i\000c\000a\000l\000\040\000R\000e\000s\000u\000l\000t\000s}{}% 28
